-------------------------------------------------------------------------------
Test set: com.employee.test.EmployeeExceptionHandlerTest
-------------------------------------------------------------------------------
Tests run: 1, Failures: 0, Errors: 1, Skipped: 0, Time elapsed: 0.001 s <<< FAILURE! - in com.employee.test.EmployeeExceptionHandlerTest
initializationError  Time elapsed: 0.001 s  <<< ERROR!
java.lang.Exception: No runnable methods

